app/build/intermediates/manifest_merge_blame_file/debug/manifest-merger-blame-debug-report.txt
1<?xml version="1.0" encoding="utf-8"?>
2<manifest xmlns:android="http://schemas.android.com/apk/res/android"
3    package="com.example.conductorapp"
4    android:versionCode="1"
5    android:versionName="1.0" >
6
7    <uses-sdk
8        android:minSdkVersion="21"
8-->src\main\AndroidManifest.xml
9        android:targetSdkVersion="32" />
9-->src\main\AndroidManifest.xml
10
11    <uses-permission android:name="android.permission.CAMERA" />
11-->src\main\AndroidManifest.xml:5:5-65
11-->src\main\AndroidManifest.xml:5:22-62
12    <uses-permission android:name="android.permission.ACCESS_NETWORK_STATE" />
12-->[com.firebaseui:firebase-ui-auth:7.2.0] AndroidManifest.xml:12:5-79
12-->[com.firebaseui:firebase-ui-auth:7.2.0] AndroidManifest.xml:12:22-76
13    <uses-permission android:name="android.permission.INTERNET" /> <!-- Don't require camera, as this requires a rear camera. This allows it to work on the Nexus 7 -->
13-->[com.firebaseui:firebase-ui-auth:7.2.0] AndroidManifest.xml:13:5-67
13-->[com.firebaseui:firebase-ui-auth:7.2.0] AndroidManifest.xml:13:22-64
14    <uses-feature
14-->[com.journeyapps:zxing-android-embedded:4.3.0] AndroidManifest.xml:25:5-27:36
15        android:name="android.hardware.camera"
15-->[com.journeyapps:zxing-android-embedded:4.3.0] AndroidManifest.xml:26:9-47
16        android:required="false" />
16-->[com.journeyapps:zxing-android-embedded:4.3.0] AndroidManifest.xml:27:9-33
17    <uses-feature
17-->[com.journeyapps:zxing-android-embedded:4.3.0] AndroidManifest.xml:28:5-30:36
18        android:name="android.hardware.camera.front"
18-->[com.journeyapps:zxing-android-embedded:4.3.0] AndroidManifest.xml:29:9-53
19        android:required="false" /> <!-- TODO replace above two with next line after Android 4.2 -->
19-->[com.journeyapps:zxing-android-embedded:4.3.0] AndroidManifest.xml:30:9-33
20    <!-- <uses-feature android:name="android.hardware.camera.any"/> -->
21    <uses-feature
21-->[com.journeyapps:zxing-android-embedded:4.3.0] AndroidManifest.xml:33:5-35:36
22        android:name="android.hardware.camera.autofocus"
22-->[com.journeyapps:zxing-android-embedded:4.3.0] AndroidManifest.xml:34:9-57
23        android:required="false" />
23-->[com.journeyapps:zxing-android-embedded:4.3.0] AndroidManifest.xml:35:9-33
24    <uses-feature
24-->[com.journeyapps:zxing-android-embedded:4.3.0] AndroidManifest.xml:36:5-38:36
25        android:name="android.hardware.camera.flash"
25-->[com.journeyapps:zxing-android-embedded:4.3.0] AndroidManifest.xml:37:9-53
26        android:required="false" />
26-->[com.journeyapps:zxing-android-embedded:4.3.0] AndroidManifest.xml:38:9-33
27    <uses-feature
27-->[com.journeyapps:zxing-android-embedded:4.3.0] AndroidManifest.xml:39:5-41:36
28        android:name="android.hardware.screen.landscape"
28-->[com.journeyapps:zxing-android-embedded:4.3.0] AndroidManifest.xml:40:9-57
29        android:required="false" />
29-->[com.journeyapps:zxing-android-embedded:4.3.0] AndroidManifest.xml:41:9-33
30    <uses-feature
30-->[com.journeyapps:zxing-android-embedded:4.3.0] AndroidManifest.xml:42:5-44:36
31        android:name="android.hardware.wifi"
31-->[com.journeyapps:zxing-android-embedded:4.3.0] AndroidManifest.xml:43:9-45
32        android:required="false" />
32-->[com.journeyapps:zxing-android-embedded:4.3.0] AndroidManifest.xml:44:9-33
33
34    <application
34-->src\main\AndroidManifest.xml:7:5-53:19
35        android:allowBackup="true"
35-->src\main\AndroidManifest.xml:8:9-35
36        android:appComponentFactory="androidx.core.app.CoreComponentFactory"
36-->[androidx.core:core:1.8.0] AndroidManifest.xml:24:18-86
37        android:dataExtractionRules="@xml/data_extraction_rules"
37-->src\main\AndroidManifest.xml:9:9-65
38        android:debuggable="true"
39        android:fullBackupContent="@xml/backup_rules"
39-->src\main\AndroidManifest.xml:10:9-54
40        android:hardwareAccelerated="false"
40-->src\main\AndroidManifest.xml:17:9-44
41        android:icon="@mipmap/ic_launcher"
41-->src\main\AndroidManifest.xml:11:9-43
42        android:label="@string/app_name"
42-->src\main\AndroidManifest.xml:12:9-41
43        android:largeHeap="true"
43-->src\main\AndroidManifest.xml:16:9-33
44        android:roundIcon="@mipmap/ic_launcher_round"
44-->src\main\AndroidManifest.xml:13:9-54
45        android:supportsRtl="true"
45-->src\main\AndroidManifest.xml:14:9-35
46        android:testOnly="true"
47        android:theme="@style/Theme.ConductorApp" >
47-->src\main\AndroidManifest.xml:15:9-50
48        <activity
48-->src\main\AndroidManifest.xml:19:9-25:20
49            android:name="com.example.conductorapp.BookTicket"
49-->src\main\AndroidManifest.xml:20:13-39
50            android:exported="false" >
50-->src\main\AndroidManifest.xml:21:13-37
51            <meta-data
51-->src\main\AndroidManifest.xml:22:13-24:36
52                android:name="android.app.lib_name"
52-->src\main\AndroidManifest.xml:23:17-52
53                android:value="" />
53-->src\main\AndroidManifest.xml:24:17-33
54        </activity>
55        <activity
55-->src\main\AndroidManifest.xml:26:9-32:20
56            android:name="com.example.conductorapp.scannerView"
56-->src\main\AndroidManifest.xml:27:13-40
57            android:exported="false" >
57-->src\main\AndroidManifest.xml:28:13-37
58            <meta-data
58-->src\main\AndroidManifest.xml:22:13-24:36
59                android:name="android.app.lib_name"
59-->src\main\AndroidManifest.xml:23:17-52
60                android:value="" />
60-->src\main\AndroidManifest.xml:24:17-33
61        </activity>
62        <activity
62-->src\main\AndroidManifest.xml:33:9-39:20
63            android:name="com.example.conductorapp.LoginRegisterActivity"
63-->src\main\AndroidManifest.xml:34:13-50
64            android:exported="false" >
64-->src\main\AndroidManifest.xml:35:13-37
65            <meta-data
65-->src\main\AndroidManifest.xml:22:13-24:36
66                android:name="android.app.lib_name"
66-->src\main\AndroidManifest.xml:23:17-52
67                android:value="" />
67-->src\main\AndroidManifest.xml:24:17-33
68        </activity>
69        <activity
69-->src\main\AndroidManifest.xml:40:9-52:20
70            android:name="com.example.conductorapp.MainActivity"
70-->src\main\AndroidManifest.xml:41:13-41
71            android:exported="true" >
71-->src\main\AndroidManifest.xml:42:13-36
72            <intent-filter>
72-->src\main\AndroidManifest.xml:43:13-47:29
73                <action android:name="android.intent.action.MAIN" />
73-->src\main\AndroidManifest.xml:44:17-69
73-->src\main\AndroidManifest.xml:44:25-66
74
75                <category android:name="android.intent.category.LAUNCHER" />
75-->src\main\AndroidManifest.xml:46:17-77
75-->src\main\AndroidManifest.xml:46:27-74
76            </intent-filter>
77
78            <meta-data
78-->src\main\AndroidManifest.xml:22:13-24:36
79                android:name="android.app.lib_name"
79-->src\main\AndroidManifest.xml:23:17-52
80                android:value="" />
80-->src\main\AndroidManifest.xml:24:17-33
81        </activity>
82
83        <meta-data
83-->[com.firebaseui:firebase-ui-auth:7.2.0] AndroidManifest.xml:16:9-18:69
84            android:name="com.google.android.gms.version"
84-->[com.firebaseui:firebase-ui-auth:7.2.0] AndroidManifest.xml:17:13-58
85            android:value="@integer/google_play_services_version" />
85-->[com.firebaseui:firebase-ui-auth:7.2.0] AndroidManifest.xml:18:13-66
86        <meta-data
86-->[com.firebaseui:firebase-ui-auth:7.2.0] AndroidManifest.xml:19:9-21:63
87            android:name="com.facebook.sdk.ApplicationId"
87-->[com.firebaseui:firebase-ui-auth:7.2.0] AndroidManifest.xml:20:13-58
88            android:value="@string/facebook_application_id" />
88-->[com.firebaseui:firebase-ui-auth:7.2.0] AndroidManifest.xml:21:13-60
89
90        <activity
90-->[com.firebaseui:firebase-ui-auth:7.2.0] AndroidManifest.xml:23:9-27:61
91            android:name="com.firebase.ui.auth.KickoffActivity"
91-->[com.firebaseui:firebase-ui-auth:7.2.0] AndroidManifest.xml:24:13-64
92            android:exported="false"
92-->[com.firebaseui:firebase-ui-auth:7.2.0] AndroidManifest.xml:25:13-37
93            android:label=""
93-->[com.firebaseui:firebase-ui-auth:7.2.0] AndroidManifest.xml:26:13-29
94            android:theme="@style/FirebaseUI.Transparent" />
94-->[com.firebaseui:firebase-ui-auth:7.2.0] AndroidManifest.xml:27:13-58
95        <activity
95-->[com.firebaseui:firebase-ui-auth:7.2.0] AndroidManifest.xml:28:9-32:61
96            android:name="com.firebase.ui.auth.ui.idp.SingleSignInActivity"
96-->[com.firebaseui:firebase-ui-auth:7.2.0] AndroidManifest.xml:29:13-76
97            android:exported="false"
97-->[com.firebaseui:firebase-ui-auth:7.2.0] AndroidManifest.xml:30:13-37
98            android:label=""
98-->[com.firebaseui:firebase-ui-auth:7.2.0] AndroidManifest.xml:31:13-29
99            android:theme="@style/FirebaseUI.Transparent" />
99-->[com.firebaseui:firebase-ui-auth:7.2.0] AndroidManifest.xml:32:13-58
100        <activity
100-->[com.firebaseui:firebase-ui-auth:7.2.0] AndroidManifest.xml:33:9-37:61
101            android:name="com.firebase.ui.auth.ui.credentials.CredentialSaveActivity"
101-->[com.firebaseui:firebase-ui-auth:7.2.0] AndroidManifest.xml:34:13-86
102            android:exported="false"
102-->[com.firebaseui:firebase-ui-auth:7.2.0] AndroidManifest.xml:35:13-37
103            android:label=""
103-->[com.firebaseui:firebase-ui-auth:7.2.0] AndroidManifest.xml:36:13-29
104            android:theme="@style/FirebaseUI.Transparent" />
104-->[com.firebaseui:firebase-ui-auth:7.2.0] AndroidManifest.xml:37:13-58
105        <activity
105-->[com.firebaseui:firebase-ui-auth:7.2.0] AndroidManifest.xml:38:9-42:58
106            android:name="com.firebase.ui.auth.ui.email.RecoverPasswordActivity"
106-->[com.firebaseui:firebase-ui-auth:7.2.0] AndroidManifest.xml:39:13-81
107            android:exported="false"
107-->[com.firebaseui:firebase-ui-auth:7.2.0] AndroidManifest.xml:40:13-37
108            android:label="@string/fui_title_recover_password_activity"
108-->[com.firebaseui:firebase-ui-auth:7.2.0] AndroidManifest.xml:41:13-72
109            android:windowSoftInputMode="adjustResize" />
109-->[com.firebaseui:firebase-ui-auth:7.2.0] AndroidManifest.xml:42:13-55
110        <activity
110-->[com.firebaseui:firebase-ui-auth:7.2.0] AndroidManifest.xml:43:9-47:58
111            android:name="com.firebase.ui.auth.ui.email.EmailActivity"
111-->[com.firebaseui:firebase-ui-auth:7.2.0] AndroidManifest.xml:44:13-71
112            android:exported="false"
112-->[com.firebaseui:firebase-ui-auth:7.2.0] AndroidManifest.xml:45:13-37
113            android:label="@string/fui_sign_in_default"
113-->[com.firebaseui:firebase-ui-auth:7.2.0] AndroidManifest.xml:46:13-56
114            android:windowSoftInputMode="adjustResize" />
114-->[com.firebaseui:firebase-ui-auth:7.2.0] AndroidManifest.xml:47:13-55
115        <activity
115-->[com.firebaseui:firebase-ui-auth:7.2.0] AndroidManifest.xml:48:9-52:77
116            android:name="com.firebase.ui.auth.ui.phone.PhoneActivity"
116-->[com.firebaseui:firebase-ui-auth:7.2.0] AndroidManifest.xml:49:13-71
117            android:exported="false"
117-->[com.firebaseui:firebase-ui-auth:7.2.0] AndroidManifest.xml:50:13-37
118            android:label="@string/fui_sign_in_with_phone_number"
118-->[com.firebaseui:firebase-ui-auth:7.2.0] AndroidManifest.xml:51:13-66
119            android:windowSoftInputMode="adjustResize|stateAlwaysVisible" />
119-->[com.firebaseui:firebase-ui-auth:7.2.0] AndroidManifest.xml:52:13-74
120        <activity
120-->[com.firebaseui:firebase-ui-auth:7.2.0] AndroidManifest.xml:53:9-57:58
121            android:name="com.firebase.ui.auth.ui.idp.WelcomeBackIdpPrompt"
121-->[com.firebaseui:firebase-ui-auth:7.2.0] AndroidManifest.xml:54:13-76
122            android:exported="false"
122-->[com.firebaseui:firebase-ui-auth:7.2.0] AndroidManifest.xml:55:13-37
123            android:label="@string/fui_title_welcome_back_idp_prompt"
123-->[com.firebaseui:firebase-ui-auth:7.2.0] AndroidManifest.xml:56:13-70
124            android:windowSoftInputMode="adjustResize" />
124-->[com.firebaseui:firebase-ui-auth:7.2.0] AndroidManifest.xml:57:13-55
125        <activity
125-->[com.firebaseui:firebase-ui-auth:7.2.0] AndroidManifest.xml:58:9-62:58
126            android:name="com.firebase.ui.auth.ui.email.WelcomeBackPasswordPrompt"
126-->[com.firebaseui:firebase-ui-auth:7.2.0] AndroidManifest.xml:59:13-83
127            android:exported="false"
127-->[com.firebaseui:firebase-ui-auth:7.2.0] AndroidManifest.xml:60:13-37
128            android:label="@string/fui_title_welcome_back_password_prompt"
128-->[com.firebaseui:firebase-ui-auth:7.2.0] AndroidManifest.xml:61:13-75
129            android:windowSoftInputMode="adjustResize" />
129-->[com.firebaseui:firebase-ui-auth:7.2.0] AndroidManifest.xml:62:13-55
130        <activity
130-->[com.firebaseui:firebase-ui-auth:7.2.0] AndroidManifest.xml:63:9-67:58
131            android:name="com.firebase.ui.auth.ui.email.WelcomeBackEmailLinkPrompt"
131-->[com.firebaseui:firebase-ui-auth:7.2.0] AndroidManifest.xml:64:13-84
132            android:exported="false"
132-->[com.firebaseui:firebase-ui-auth:7.2.0] AndroidManifest.xml:65:13-37
133            android:label="@string/fui_title_welcome_back_password_prompt"
133-->[com.firebaseui:firebase-ui-auth:7.2.0] AndroidManifest.xml:66:13-75
134            android:windowSoftInputMode="adjustResize" />
134-->[com.firebaseui:firebase-ui-auth:7.2.0] AndroidManifest.xml:67:13-55
135        <activity
135-->[com.firebaseui:firebase-ui-auth:7.2.0] AndroidManifest.xml:68:9-73:58
136            android:name="com.firebase.ui.auth.ui.email.EmailLinkCatcherActivity"
136-->[com.firebaseui:firebase-ui-auth:7.2.0] AndroidManifest.xml:69:13-82
137            android:exported="false"
137-->[com.firebaseui:firebase-ui-auth:7.2.0] AndroidManifest.xml:70:13-37
138            android:label=""
138-->[com.firebaseui:firebase-ui-auth:7.2.0] AndroidManifest.xml:71:13-29
139            android:theme="@style/FirebaseUI.Transparent"
139-->[com.firebaseui:firebase-ui-auth:7.2.0] AndroidManifest.xml:72:13-58
140            android:windowSoftInputMode="adjustResize" />
140-->[com.firebaseui:firebase-ui-auth:7.2.0] AndroidManifest.xml:73:13-55
141        <activity
141-->[com.firebaseui:firebase-ui-auth:7.2.0] AndroidManifest.xml:74:9-78:58
142            android:name="com.firebase.ui.auth.ui.email.EmailLinkErrorRecoveryActivity"
142-->[com.firebaseui:firebase-ui-auth:7.2.0] AndroidManifest.xml:75:13-88
143            android:exported="false"
143-->[com.firebaseui:firebase-ui-auth:7.2.0] AndroidManifest.xml:76:13-37
144            android:label="@string/fui_sign_in_default"
144-->[com.firebaseui:firebase-ui-auth:7.2.0] AndroidManifest.xml:77:13-56
145            android:windowSoftInputMode="adjustResize" />
145-->[com.firebaseui:firebase-ui-auth:7.2.0] AndroidManifest.xml:78:13-55
146        <activity
146-->[com.firebaseui:firebase-ui-auth:7.2.0] AndroidManifest.xml:79:9-82:65
147            android:name="com.firebase.ui.auth.ui.idp.AuthMethodPickerActivity"
147-->[com.firebaseui:firebase-ui-auth:7.2.0] AndroidManifest.xml:80:13-80
148            android:exported="false"
148-->[com.firebaseui:firebase-ui-auth:7.2.0] AndroidManifest.xml:81:13-37
149            android:label="@string/fui_default_toolbar_title" />
149-->[com.firebaseui:firebase-ui-auth:7.2.0] AndroidManifest.xml:82:13-62
150        <activity
150-->[com.firebaseui:firebase-ui-auth:7.2.0] AndroidManifest.xml:83:9-87:48
151            android:name="com.facebook.FacebookActivity"
151-->[com.firebaseui:firebase-ui-auth:7.2.0] AndroidManifest.xml:84:13-57
152            android:configChanges="keyboard|keyboardHidden|screenLayout|screenSize|orientation"
152-->[com.firebaseui:firebase-ui-auth:7.2.0] AndroidManifest.xml:85:13-96
153            android:label="@string/app_name" />
153-->[com.firebaseui:firebase-ui-auth:7.2.0] AndroidManifest.xml:86:13-45
154        <activity
154-->[com.firebaseui:firebase-ui-auth:7.2.0] AndroidManifest.xml:88:9-100:20
155            android:name="com.facebook.CustomTabActivity"
155-->[com.firebaseui:firebase-ui-auth:7.2.0] AndroidManifest.xml:89:13-58
156            android:exported="true" >
156-->[com.firebaseui:firebase-ui-auth:7.2.0] AndroidManifest.xml:90:13-36
157            <intent-filter>
157-->[com.firebaseui:firebase-ui-auth:7.2.0] AndroidManifest.xml:92:13-99:29
158                <action android:name="android.intent.action.VIEW" />
158-->[com.firebaseui:firebase-ui-auth:7.2.0] AndroidManifest.xml:93:17-69
158-->[com.firebaseui:firebase-ui-auth:7.2.0] AndroidManifest.xml:93:25-66
159
160                <category android:name="android.intent.category.DEFAULT" />
160-->[com.firebaseui:firebase-ui-auth:7.2.0] AndroidManifest.xml:95:17-76
160-->[com.firebaseui:firebase-ui-auth:7.2.0] AndroidManifest.xml:95:27-73
161                <category android:name="android.intent.category.BROWSABLE" />
161-->[com.firebaseui:firebase-ui-auth:7.2.0] AndroidManifest.xml:96:17-78
161-->[com.firebaseui:firebase-ui-auth:7.2.0] AndroidManifest.xml:96:27-75
162
163                <data android:scheme="@string/facebook_login_protocol_scheme" />
163-->[com.firebaseui:firebase-ui-auth:7.2.0] AndroidManifest.xml:98:17-81
163-->[com.firebaseui:firebase-ui-auth:7.2.0] AndroidManifest.xml:98:23-78
164            </intent-filter>
165        </activity>
166
167        <provider
167-->[com.firebaseui:firebase-ui-auth:7.2.0] AndroidManifest.xml:102:9-106:38
168            android:name="com.firebase.ui.auth.data.client.AuthUiInitProvider"
168-->[com.firebaseui:firebase-ui-auth:7.2.0] AndroidManifest.xml:103:13-79
169            android:authorities="com.example.conductorapp.authuiinitprovider"
169-->[com.firebaseui:firebase-ui-auth:7.2.0] AndroidManifest.xml:104:13-70
170            android:exported="false"
170-->[com.firebaseui:firebase-ui-auth:7.2.0] AndroidManifest.xml:105:13-37
171            android:initOrder="90" />
171-->[com.firebaseui:firebase-ui-auth:7.2.0] AndroidManifest.xml:106:13-35
172
173        <activity
173-->[com.karumi:dexter:6.2.2] AndroidManifest.xml:27:9-29:72
174            android:name="com.karumi.dexter.DexterActivity"
174-->[com.karumi:dexter:6.2.2] AndroidManifest.xml:28:13-60
175            android:theme="@style/Dexter.Internal.Theme.Transparent" />
175-->[com.karumi:dexter:6.2.2] AndroidManifest.xml:29:13-69
176        <activity
176-->[com.google.firebase:firebase-auth:21.1.0] AndroidManifest.xml:27:9-44:20
177            android:name="com.google.firebase.auth.internal.GenericIdpActivity"
177-->[com.google.firebase:firebase-auth:21.1.0] AndroidManifest.xml:28:13-80
178            android:excludeFromRecents="true"
178-->[com.google.firebase:firebase-auth:21.1.0] AndroidManifest.xml:29:13-46
179            android:exported="true"
179-->[com.google.firebase:firebase-auth:21.1.0] AndroidManifest.xml:30:13-36
180            android:launchMode="singleTask"
180-->[com.google.firebase:firebase-auth:21.1.0] AndroidManifest.xml:31:13-44
181            android:theme="@android:style/Theme.Translucent.NoTitleBar" >
181-->[com.google.firebase:firebase-auth:21.1.0] AndroidManifest.xml:32:13-72
182            <intent-filter>
182-->[com.google.firebase:firebase-auth:21.1.0] AndroidManifest.xml:33:13-43:29
183                <action android:name="android.intent.action.VIEW" />
183-->[com.firebaseui:firebase-ui-auth:7.2.0] AndroidManifest.xml:93:17-69
183-->[com.firebaseui:firebase-ui-auth:7.2.0] AndroidManifest.xml:93:25-66
184
185                <category android:name="android.intent.category.DEFAULT" />
185-->[com.firebaseui:firebase-ui-auth:7.2.0] AndroidManifest.xml:95:17-76
185-->[com.firebaseui:firebase-ui-auth:7.2.0] AndroidManifest.xml:95:27-73
186                <category android:name="android.intent.category.BROWSABLE" />
186-->[com.firebaseui:firebase-ui-auth:7.2.0] AndroidManifest.xml:96:17-78
186-->[com.firebaseui:firebase-ui-auth:7.2.0] AndroidManifest.xml:96:27-75
187
188                <data
188-->[com.firebaseui:firebase-ui-auth:7.2.0] AndroidManifest.xml:98:17-81
189                    android:host="firebase.auth"
190                    android:path="/"
191                    android:scheme="genericidp" />
191-->[com.firebaseui:firebase-ui-auth:7.2.0] AndroidManifest.xml:98:23-78
192            </intent-filter>
193        </activity>
194        <activity
194-->[com.google.firebase:firebase-auth:21.1.0] AndroidManifest.xml:45:9-62:20
195            android:name="com.google.firebase.auth.internal.RecaptchaActivity"
195-->[com.google.firebase:firebase-auth:21.1.0] AndroidManifest.xml:46:13-79
196            android:excludeFromRecents="true"
196-->[com.google.firebase:firebase-auth:21.1.0] AndroidManifest.xml:47:13-46
197            android:exported="true"
197-->[com.google.firebase:firebase-auth:21.1.0] AndroidManifest.xml:48:13-36
198            android:launchMode="singleTask"
198-->[com.google.firebase:firebase-auth:21.1.0] AndroidManifest.xml:49:13-44
199            android:theme="@android:style/Theme.Translucent.NoTitleBar" >
199-->[com.google.firebase:firebase-auth:21.1.0] AndroidManifest.xml:50:13-72
200            <intent-filter>
200-->[com.google.firebase:firebase-auth:21.1.0] AndroidManifest.xml:51:13-61:29
201                <action android:name="android.intent.action.VIEW" />
201-->[com.firebaseui:firebase-ui-auth:7.2.0] AndroidManifest.xml:93:17-69
201-->[com.firebaseui:firebase-ui-auth:7.2.0] AndroidManifest.xml:93:25-66
202
203                <category android:name="android.intent.category.DEFAULT" />
203-->[com.firebaseui:firebase-ui-auth:7.2.0] AndroidManifest.xml:95:17-76
203-->[com.firebaseui:firebase-ui-auth:7.2.0] AndroidManifest.xml:95:27-73
204                <category android:name="android.intent.category.BROWSABLE" />
204-->[com.firebaseui:firebase-ui-auth:7.2.0] AndroidManifest.xml:96:17-78
204-->[com.firebaseui:firebase-ui-auth:7.2.0] AndroidManifest.xml:96:27-75
205
206                <data
206-->[com.firebaseui:firebase-ui-auth:7.2.0] AndroidManifest.xml:98:17-81
207                    android:host="firebase.auth"
208                    android:path="/"
209                    android:scheme="recaptcha" />
209-->[com.firebaseui:firebase-ui-auth:7.2.0] AndroidManifest.xml:98:23-78
210            </intent-filter>
211        </activity>
212
213        <service
213-->[com.google.firebase:firebase-auth:21.1.0] AndroidManifest.xml:64:9-70:19
214            android:name="com.google.firebase.components.ComponentDiscoveryService"
214-->[com.google.firebase:firebase-auth:21.1.0] AndroidManifest.xml:65:13-84
215            android:directBootAware="true"
215-->[com.google.firebase:firebase-common:20.2.0] AndroidManifest.xml:34:13-43
216            android:exported="false" >
216-->[com.google.firebase:firebase-auth:21.1.0] AndroidManifest.xml:66:13-37
217            <meta-data
217-->[com.google.firebase:firebase-auth:21.1.0] AndroidManifest.xml:67:13-69:85
218                android:name="com.google.firebase.components:com.google.firebase.auth.FirebaseAuthRegistrar"
218-->[com.google.firebase:firebase-auth:21.1.0] AndroidManifest.xml:68:17-109
219                android:value="com.google.firebase.components.ComponentRegistrar" />
219-->[com.google.firebase:firebase-auth:21.1.0] AndroidManifest.xml:69:17-82
220            <meta-data
220-->[com.google.firebase:firebase-firestore:24.4.0] AndroidManifest.xml:19:13-21:85
221                android:name="com.google.firebase.components:com.google.firebase.firestore.FirestoreRegistrar"
221-->[com.google.firebase:firebase-firestore:24.4.0] AndroidManifest.xml:20:17-111
222                android:value="com.google.firebase.components.ComponentRegistrar" />
222-->[com.google.firebase:firebase-firestore:24.4.0] AndroidManifest.xml:21:17-82
223        </service>
224
225        <activity
225-->[com.journeyapps:zxing-android-embedded:4.3.0] AndroidManifest.xml:47:9-53:63
226            android:name="com.journeyapps.barcodescanner.CaptureActivity"
226-->[com.journeyapps:zxing-android-embedded:4.3.0] AndroidManifest.xml:48:13-74
227            android:clearTaskOnLaunch="true"
227-->[com.journeyapps:zxing-android-embedded:4.3.0] AndroidManifest.xml:49:13-45
228            android:screenOrientation="sensorLandscape"
228-->[com.journeyapps:zxing-android-embedded:4.3.0] AndroidManifest.xml:50:13-56
229            android:stateNotNeeded="true"
229-->[com.journeyapps:zxing-android-embedded:4.3.0] AndroidManifest.xml:51:13-42
230            android:theme="@style/zxing_CaptureTheme"
230-->[com.journeyapps:zxing-android-embedded:4.3.0] AndroidManifest.xml:52:13-54
231            android:windowSoftInputMode="stateAlwaysHidden" />
231-->[com.journeyapps:zxing-android-embedded:4.3.0] AndroidManifest.xml:53:13-60
232        <activity
232-->[com.google.android.gms:play-services-auth:19.0.0] AndroidManifest.xml:23:9-27:75
233            android:name="com.google.android.gms.auth.api.signin.internal.SignInHubActivity"
233-->[com.google.android.gms:play-services-auth:19.0.0] AndroidManifest.xml:24:13-93
234            android:excludeFromRecents="true"
234-->[com.google.android.gms:play-services-auth:19.0.0] AndroidManifest.xml:25:13-46
235            android:exported="false"
235-->[com.google.android.gms:play-services-auth:19.0.0] AndroidManifest.xml:26:13-37
236            android:theme="@android:style/Theme.Translucent.NoTitleBar" />
236-->[com.google.android.gms:play-services-auth:19.0.0] AndroidManifest.xml:27:13-72
237        <!--
238            Service handling Google Sign-In user revocation. For apps that do not integrate with
239            Google Sign-In, this service will never be started.
240        -->
241        <service
241-->[com.google.android.gms:play-services-auth:19.0.0] AndroidManifest.xml:33:9-37:51
242            android:name="com.google.android.gms.auth.api.signin.RevocationBoundService"
242-->[com.google.android.gms:play-services-auth:19.0.0] AndroidManifest.xml:34:13-89
243            android:exported="true"
243-->[com.google.android.gms:play-services-auth:19.0.0] AndroidManifest.xml:35:13-36
244            android:permission="com.google.android.gms.auth.api.signin.permission.REVOCATION_NOTIFICATION"
244-->[com.google.android.gms:play-services-auth:19.0.0] AndroidManifest.xml:36:13-107
245            android:visibleToInstantApps="true" />
245-->[com.google.android.gms:play-services-auth:19.0.0] AndroidManifest.xml:37:13-48
246
247        <provider
247-->[com.google.firebase:firebase-common:20.2.0] AndroidManifest.xml:25:9-30:39
248            android:name="com.google.firebase.provider.FirebaseInitProvider"
248-->[com.google.firebase:firebase-common:20.2.0] AndroidManifest.xml:26:13-77
249            android:authorities="com.example.conductorapp.firebaseinitprovider"
249-->[com.google.firebase:firebase-common:20.2.0] AndroidManifest.xml:27:13-72
250            android:directBootAware="true"
250-->[com.google.firebase:firebase-common:20.2.0] AndroidManifest.xml:28:13-43
251            android:exported="false"
251-->[com.google.firebase:firebase-common:20.2.0] AndroidManifest.xml:29:13-37
252            android:initOrder="100" />
252-->[com.google.firebase:firebase-common:20.2.0] AndroidManifest.xml:30:13-36
253
254        <activity
254-->[com.google.android.gms:play-services-base:18.0.1] AndroidManifest.xml:20:9-22:45
255            android:name="com.google.android.gms.common.api.GoogleApiActivity"
255-->[com.google.android.gms:play-services-base:18.0.1] AndroidManifest.xml:20:19-85
256            android:exported="false"
256-->[com.google.android.gms:play-services-base:18.0.1] AndroidManifest.xml:22:19-43
257            android:theme="@android:style/Theme.Translucent.NoTitleBar" />
257-->[com.google.android.gms:play-services-base:18.0.1] AndroidManifest.xml:21:19-78
258
259        <provider
259-->[androidx.emoji2:emoji2:1.2.0] AndroidManifest.xml:24:9-32:20
260            android:name="androidx.startup.InitializationProvider"
260-->[androidx.emoji2:emoji2:1.2.0] AndroidManifest.xml:25:13-67
261            android:authorities="com.example.conductorapp.androidx-startup"
261-->[androidx.emoji2:emoji2:1.2.0] AndroidManifest.xml:26:13-68
262            android:exported="false" >
262-->[androidx.emoji2:emoji2:1.2.0] AndroidManifest.xml:27:13-37
263            <meta-data
263-->[androidx.emoji2:emoji2:1.2.0] AndroidManifest.xml:29:13-31:52
264                android:name="androidx.emoji2.text.EmojiCompatInitializer"
264-->[androidx.emoji2:emoji2:1.2.0] AndroidManifest.xml:30:17-75
265                android:value="androidx.startup" />
265-->[androidx.emoji2:emoji2:1.2.0] AndroidManifest.xml:31:17-49
266            <meta-data
266-->[androidx.lifecycle:lifecycle-process:2.4.1] AndroidManifest.xml:31:13-33:52
267                android:name="androidx.lifecycle.ProcessLifecycleInitializer"
267-->[androidx.lifecycle:lifecycle-process:2.4.1] AndroidManifest.xml:32:17-78
268                android:value="androidx.startup" />
268-->[androidx.lifecycle:lifecycle-process:2.4.1] AndroidManifest.xml:33:17-49
269        </provider>
270    </application>
271
272</manifest>